This is pdfTeX, Version 3.141592653-2.6-1.40.26 (TeX Live 2024) (preloaded format=pdflatex 2024.5.24)  29 MAY 2024 19:24
entering extended mode
 \write18 enabled.
 file:line:error style messages enabled.
 %&-line parsing enabled.
**c:/Users/israe/OneDrive/Desktop/Tese/Thesis-Israel_Sother/Extended_Abstract.tex
(c:/Users/israe/OneDrive/Desktop/Tese/Thesis-Israel_Sother/Extended_Abstract.tex
LaTeX2e <2023-11-01> patch level 1
L3 programming layer <2024-05-08>
(c:/texlive/2024/texmf-dist/tex/latex/ieeetran/IEEEtran.cls
Document Class: IEEEtran 2015/08/26 V1.8b by Michael Shell
-- See the "IEEEtran_HOWTO" manual for usage information.
-- http://www.michaelshell.org/tex/ieeetran/
\@IEEEtrantmpdimenA=\dimen140
\@IEEEtrantmpdimenB=\dimen141
\@IEEEtrantmpdimenC=\dimen142
\@IEEEtrantmpcountA=\count189
\@IEEEtrantmpcountB=\count190
\@IEEEtrantmpcountC=\count191
\@IEEEtrantmptoksA=\toks17
LaTeX Font Info:    Trying to load font information for OT1+ptm on input line 503.
(c:/texlive/2024/texmf-dist/tex/latex/psnfss/ot1ptm.fd
File: ot1ptm.fd 2001/06/04 font definitions for OT1/ptm.
)
-- Using 8.5in x 11in (letter) paper.
-- Using PDF output.
\@IEEEnormalsizeunitybaselineskip=\dimen143
-- This is a 9 point document.
\CLASSINFOnormalsizebaselineskip=\dimen144
\CLASSINFOnormalsizeunitybaselineskip=\dimen145
\IEEEnormaljot=\dimen146
LaTeX Font Info:    Font shape `OT1/ptm/bx/n' in size <5> not available
(Font)              Font shape `OT1/ptm/b/n' tried instead on input line 1090.
LaTeX Font Info:    Font shape `OT1/ptm/bx/it' in size <5> not available
(Font)              Font shape `OT1/ptm/b/it' tried instead on input line 1090.
LaTeX Font Info:    Font shape `OT1/ptm/bx/n' in size <7> not available
(Font)              Font shape `OT1/ptm/b/n' tried instead on input line 1090.
LaTeX Font Info:    Font shape `OT1/ptm/bx/it' in size <7> not available
(Font)              Font shape `OT1/ptm/b/it' tried instead on input line 1090.
LaTeX Font Info:    Font shape `OT1/ptm/bx/n' in size <8> not available
(Font)              Font shape `OT1/ptm/b/n' tried instead on input line 1090.
LaTeX Font Info:    Font shape `OT1/ptm/bx/it' in size <8> not available
(Font)              Font shape `OT1/ptm/b/it' tried instead on input line 1090.
LaTeX Font Info:    Font shape `OT1/ptm/bx/n' in size <8.5> not available
(Font)              Font shape `OT1/ptm/b/n' tried instead on input line 1090.
LaTeX Font Info:    Font shape `OT1/ptm/bx/it' in size <8.5> not available
(Font)              Font shape `OT1/ptm/b/it' tried instead on input line 1090.
LaTeX Font Info:    Font shape `OT1/ptm/bx/n' in size <9> not available
(Font)              Font shape `OT1/ptm/b/n' tried instead on input line 1090.
LaTeX Font Info:    Font shape `OT1/ptm/bx/it' in size <9> not available
(Font)              Font shape `OT1/ptm/b/it' tried instead on input line 1090.
LaTeX Font Info:    Font shape `OT1/ptm/bx/n' in size <10> not available
(Font)              Font shape `OT1/ptm/b/n' tried instead on input line 1090.
LaTeX Font Info:    Font shape `OT1/ptm/bx/it' in size <10> not available
(Font)              Font shape `OT1/ptm/b/it' tried instead on input line 1090.
LaTeX Font Info:    Font shape `OT1/ptm/bx/n' in size <14> not available
(Font)              Font shape `OT1/ptm/b/n' tried instead on input line 1090.
LaTeX Font Info:    Font shape `OT1/ptm/bx/it' in size <14> not available
(Font)              Font shape `OT1/ptm/b/it' tried instead on input line 1090.
LaTeX Font Info:    Font shape `OT1/ptm/bx/n' in size <17> not available
(Font)              Font shape `OT1/ptm/b/n' tried instead on input line 1090.
LaTeX Font Info:    Font shape `OT1/ptm/bx/it' in size <17> not available
(Font)              Font shape `OT1/ptm/b/it' tried instead on input line 1090.
LaTeX Font Info:    Font shape `OT1/ptm/bx/n' in size <20> not available
(Font)              Font shape `OT1/ptm/b/n' tried instead on input line 1090.
LaTeX Font Info:    Font shape `OT1/ptm/bx/it' in size <20> not available
(Font)              Font shape `OT1/ptm/b/it' tried instead on input line 1090.
\IEEEquantizedlength=\dimen147
\IEEEquantizedlengthdiff=\dimen148
\IEEEquantizedtextheightdiff=\dimen149
\IEEEilabelindentA=\dimen150
\IEEEilabelindentB=\dimen151
\IEEEilabelindent=\dimen152
\IEEEelabelindent=\dimen153
\IEEEdlabelindent=\dimen154
\IEEElabelindent=\dimen155
\IEEEiednormlabelsep=\dimen156
\IEEEiedmathlabelsep=\dimen157
\IEEEiedtopsep=\skip48
\c@section=\count192
\c@subsection=\count193
\c@subsubsection=\count194
\c@paragraph=\count195
\c@IEEEsubequation=\count196
\abovecaptionskip=\skip49
\belowcaptionskip=\skip50
\c@figure=\count197
\c@table=\count198
\@IEEEeqnnumcols=\count199
\@IEEEeqncolcnt=\count266
\@IEEEsubeqnnumrollback=\count267
\@IEEEquantizeheightA=\dimen158
\@IEEEquantizeheightB=\dimen159
\@IEEEquantizeheightC=\dimen160
\@IEEEquantizeprevdepth=\dimen161
\@IEEEquantizemultiple=\count268
\@IEEEquantizeboxA=\box51
\@IEEEtmpitemindent=\dimen162
\IEEEPARstartletwidth=\dimen163
\c@IEEEbiography=\count269
\@IEEEtranrubishbin=\box52
) (c:/texlive/2024/texmf-dist/tex/latex/amsmath/amsmath.sty
Package: amsmath 2023/05/13 v2.17o AMS math features
\@mathmargin=\skip51

For additional information on amsmath, use the `?' option.
(c:/texlive/2024/texmf-dist/tex/latex/amsmath/amstext.sty
Package: amstext 2021/08/26 v2.01 AMS text
 (c:/texlive/2024/texmf-dist/tex/latex/amsmath/amsgen.sty
File: amsgen.sty 1999/11/30 v2.0 generic functions
\@emptytoks=\toks18
\ex@=\dimen164
)) (c:/texlive/2024/texmf-dist/tex/latex/amsmath/amsbsy.sty
Package: amsbsy 1999/11/29 v1.2d Bold Symbols
\pmbraise@=\dimen165
) (c:/texlive/2024/texmf-dist/tex/latex/amsmath/amsopn.sty
Package: amsopn 2022/04/08 v2.04 operator names
)
\inf@bad=\count270
LaTeX Info: Redefining \frac on input line 234.
\uproot@=\count271
\leftroot@=\count272
LaTeX Info: Redefining \overline on input line 399.
LaTeX Info: Redefining \colon on input line 410.
\classnum@=\count273
\DOTSCASE@=\count274
LaTeX Info: Redefining \ldots on input line 496.
LaTeX Info: Redefining \dots on input line 499.
LaTeX Info: Redefining \cdots on input line 620.
\Mathstrutbox@=\box53
\strutbox@=\box54
LaTeX Info: Redefining \big on input line 722.
LaTeX Info: Redefining \Big on input line 723.
LaTeX Info: Redefining \bigg on input line 724.
LaTeX Info: Redefining \Bigg on input line 725.
\big@size=\dimen166
LaTeX Font Info:    Redeclaring font encoding OML on input line 743.
LaTeX Font Info:    Redeclaring font encoding OMS on input line 744.
\macc@depth=\count275
LaTeX Info: Redefining \bmod on input line 905.
LaTeX Info: Redefining \pmod on input line 910.
LaTeX Info: Redefining \smash on input line 940.
LaTeX Info: Redefining \relbar on input line 970.
LaTeX Info: Redefining \Relbar on input line 971.
\c@MaxMatrixCols=\count276
\dotsspace@=\muskip16
\c@parentequation=\count277
\dspbrk@lvl=\count278
\tag@help=\toks19
\row@=\count279
\column@=\count280
\maxfields@=\count281
\andhelp@=\toks20
\eqnshift@=\dimen167
\alignsep@=\dimen168
\tagshift@=\dimen169
\tagwidth@=\dimen170
\totwidth@=\dimen171
\lineht@=\dimen172
\@envbody=\toks21
\multlinegap=\skip52
\multlinetaggap=\skip53
\mathdisplay@stack=\toks22
LaTeX Info: Redefining \[ on input line 2953.
LaTeX Info: Redefining \] on input line 2954.
) (c:/texlive/2024/texmf-dist/tex/latex/amsfonts/amssymb.sty
Package: amssymb 2013/01/14 v3.01 AMS font symbols
 (c:/texlive/2024/texmf-dist/tex/latex/amsfonts/amsfonts.sty
Package: amsfonts 2013/01/14 v3.01 Basic AMSFonts support
\symAMSa=\mathgroup4
\symAMSb=\mathgroup5
LaTeX Font Info:    Redeclaring math symbol \hbar on input line 98.
LaTeX Font Info:    Overwriting math alphabet `\mathfrak' in version `bold'
(Font)                  U/euf/m/n --> U/euf/b/n on input line 106.
)) (c:/texlive/2024/texmf-dist/tex/latex/algorithms/algorithmic.sty
Package: algorithmic 2009/08/24 v0.1 Document Style `algorithmic'
 (c:/texlive/2024/texmf-dist/tex/latex/base/ifthen.sty
Package: ifthen 2022/04/13 v1.1d Standard LaTeX ifthen package (DPC)
) (c:/texlive/2024/texmf-dist/tex/latex/graphics/keyval.sty
Package: keyval 2022/05/29 v1.15 key=value parser (DPC)
\KV@toks@=\toks23
)
\c@ALC@unique=\count282
\c@ALC@line=\count283
\c@ALC@rem=\count284
\c@ALC@depth=\count285
\ALC@tlm=\skip54
\algorithmicindent=\skip55
) (c:/texlive/2024/texmf-dist/tex/latex/graphics/graphicx.sty
Package: graphicx 2021/09/16 v1.2d Enhanced LaTeX Graphics (DPC,SPQR)
 (c:/texlive/2024/texmf-dist/tex/latex/graphics/graphics.sty
Package: graphics 2022/03/10 v1.4e Standard LaTeX Graphics (DPC,SPQR)
 (c:/texlive/2024/texmf-dist/tex/latex/graphics/trig.sty
Package: trig 2021/08/11 v1.11 sin cos tan (DPC)
) (c:/texlive/2024/texmf-dist/tex/latex/graphics-cfg/graphics.cfg
File: graphics.cfg 2016/06/04 v1.11 sample graphics configuration
)
Package graphics Info: Driver file: pdftex.def on input line 107.
 (c:/texlive/2024/texmf-dist/tex/latex/graphics-def/pdftex.def
File: pdftex.def 2024/04/13 v1.2c Graphics/color driver for pdftex
))
\Gin@req@height=\dimen173
\Gin@req@width=\dimen174
) (c:/texlive/2024/texmf-dist/tex/latex/base/textcomp.sty
Package: textcomp 2020/02/02 v2.0n Standard LaTeX package
) (c:/texlive/2024/texmf-dist/tex/latex/xcolor/xcolor.sty
Package: xcolor 2023/11/15 v3.01 LaTeX color extensions (UK)
 (c:/texlive/2024/texmf-dist/tex/latex/graphics-cfg/color.cfg
File: color.cfg 2016/01/02 v1.6 sample color configuration
)
Package xcolor Info: Driver file: pdftex.def on input line 274.
 (c:/texlive/2024/texmf-dist/tex/latex/graphics/mathcolor.ltx)
Package xcolor Info: Model `cmy' substituted by `cmy0' on input line 1350.
Package xcolor Info: Model `hsb' substituted by `rgb' on input line 1354.
Package xcolor Info: Model `RGB' extended on input line 1366.
Package xcolor Info: Model `HTML' substituted by `rgb' on input line 1368.
Package xcolor Info: Model `Hsb' substituted by `hsb' on input line 1369.
Package xcolor Info: Model `tHsb' substituted by `hsb' on input line 1370.
Package xcolor Info: Model `HSB' substituted by `hsb' on input line 1371.
Package xcolor Info: Model `Gray' substituted by `gray' on input line 1372.
Package xcolor Info: Model `wave' substituted by `hsb' on input line 1373.
) (c:/texlive/2024/texmf-dist/tex/latex/colortbl/colortbl.sty
Package: colortbl 2024/02/20 v1.0g Color table columns (DPC)
 (c:/texlive/2024/texmf-dist/tex/latex/tools/array.sty
Package: array 2023/10/16 v2.5g Tabular extension package (FMi)
\col@sep=\dimen175
\ar@mcellbox=\box55
\extrarowheight=\dimen176
\NC@list=\toks24
\extratabsurround=\skip56
\backup@length=\skip57
\ar@cellbox=\box56
)
\everycr=\toks25
\minrowclearance=\skip58
\rownum=\count286
) (c:/texlive/2024/texmf-dist/tex/latex/cleveref/cleveref.sty
Package: cleveref 2018/03/27 v0.21.4 Intelligent cross-referencing
Package cleveref Info: no abbreviation of names on input line 7852.
) (c:/texlive/2024/texmf-dist/tex/latex/natbib/natbib.sty
Package: natbib 2010/09/13 8.31b (PWD, AO)
\bibhang=\skip59
\bibsep=\skip60
LaTeX Info: Redefining \cite on input line 694.
\c@NAT@ctr=\count287
) (c:/texlive/2024/texmf-dist/tex/latex/subfigure/subfigure.sty
Package: subfigure 2002/03/15 v2.1.5 subfigure package
\subfigtopskip=\skip61
\subfigcapskip=\skip62
\subfigcaptopadj=\dimen177
\subfigbottomskip=\skip63
\subfigcapmargin=\dimen178
\subfiglabelskip=\skip64
\c@subfigure=\count288
\c@lofdepth=\count289
\c@subtable=\count290
\c@lotdepth=\count291

****************************************
* Local config file subfigure.cfg used *
****************************************
(c:/texlive/2024/texmf-dist/tex/latex/subfigure/subfigure.cfg)
\subfig@top=\skip65
\subfig@bottom=\skip66
) (c:/texlive/2024/texmf-dist/tex/latex/caption/subcaption.sty
Package: subcaption 2023/07/28 v1.6b Sub-captions (AR)
 (c:/texlive/2024/texmf-dist/tex/latex/caption/caption.sty
Package: caption 2023/08/05 v3.6o Customizing captions (AR)
 (c:/texlive/2024/texmf-dist/tex/latex/caption/caption3.sty
Package: caption3 2023/07/31 v2.4d caption3 kernel (AR)
\caption@tempdima=\dimen179
\captionmargin=\dimen180
\caption@leftmargin=\dimen181
\caption@rightmargin=\dimen182
\caption@width=\dimen183
\caption@indent=\dimen184
\caption@parindent=\dimen185
\caption@hangindent=\dimen186
Package caption Info: Unknown document class (or package),
(caption)             standard defaults will be used.
Package caption Info: \@makecaption = \long macro:#1#2->\ifx \@captype \@IEEEtablestring \footnotesize \bgroup \par \centering \@IEEEtabletopskipstrut {\normalfont \footnotesize #1}\\{\normalfont \footnotesize \scshape #2}\par \addvspace {0.5\baselineskip }\egroup \@IEEEtablecaptionsepspace \else \@IEEEfigurecaptionsepspace \setbox \@tempboxa \hbox {\normalfont \footnotesize {#1.}\nobreakspace \nobreakspace #2}\ifdim \wd \@tempboxa >\hsize \setbox \@tempboxa \hbox {\normalfont \footnotesize {#1.}\nobreakspace \nobreakspace }\parbox [t]{\hsize }{\normalfont \footnotesize \noindent \unhbox \@tempboxa #2}\else \ifCLASSOPTIONconference \hbox to\hsize {\normalfont \footnotesize \hfil \box \@tempboxa \hfil }\else \hbox to\hsize {\normalfont \footnotesize \box \@tempboxa \hfil }\fi \fi \fi  on input line 1175.
)

Package caption Warning: Unknown document class (or package),
(caption)                standard defaults will be used.
See the caption package documentation for explanation.

\c@caption@flags=\count292
\c@continuedfloat=\count293
Package caption Info: subfigure package is loaded.
)
LaTeX Info: Redefining \subref on input line 189.
Package subcaption Info: The counter `subfigure' was already defined by
(subcaption)             an unknown document class or package on input line 238.
Package subcaption Info: The counter `subtable' was already defined by
(subcaption)             an unknown document class or package on input line 238.
) (c:/texlive/2024/texmf-dist/tex/latex/cancel/cancel.sty
Package: cancel 2013/04/12 v2.2 Cancel math terms
) (c:/texlive/2024/texmf-dist/tex/latex/subfigmat/subfigmat.sty
Package: subfigmat 1999/02/27 v1.0 Subfigure Matrix Package
\sfm@width=\skip67
\sfmcolsep=\skip68
\c@sfm@count=\count294
) (c:/texlive/2024/texmf-dist/tex/latex/booktabs/booktabs.sty
Package: booktabs 2020/01/12 v1.61803398 Publication quality tables
\heavyrulewidth=\dimen187
\lightrulewidth=\dimen188
\cmidrulewidth=\dimen189
\belowrulesep=\dimen190
\belowbottomsep=\dimen191
\aboverulesep=\dimen192
\abovetopsep=\dimen193
\cmidrulesep=\dimen194
\cmidrulekern=\dimen195
\defaultaddspace=\dimen196
\@cmidla=\count295
\@cmidlb=\count296
\@aboverulesep=\dimen197
\@belowrulesep=\dimen198
\@thisruleclass=\count297
\@lastruleclass=\count298
\@thisrulewidth=\dimen199
) (c:/texlive/2024/texmf-dist/tex/latex/multirow/multirow.sty
Package: multirow 2021/03/15 v2.8 Span multiple rows of a table
\multirow@colwidth=\skip69
\multirow@cntb=\count299
\multirow@dima=\skip70
\bigstrutjot=\dimen256
) (c:/texlive/2024/texmf-dist/tex/latex/microtype/microtype.sty
Package: microtype 2024/03/29 v3.1b Micro-typographical refinements (RS)
 (c:/texlive/2024/texmf-dist/tex/latex/etoolbox/etoolbox.sty
Package: etoolbox 2020/10/05 v2.5k e-TeX tools for LaTeX (JAW)
\etb@tempcnta=\count300
)
\MT@toks=\toks26
\MT@tempbox=\box57
\MT@count=\count301
LaTeX Info: Redefining \noprotrusionifhmode on input line 1061.
LaTeX Info: Redefining \leftprotrusion on input line 1062.
\MT@prot@toks=\toks27
LaTeX Info: Redefining \rightprotrusion on input line 1081.
LaTeX Info: Redefining \textls on input line 1392.
\MT@outer@kern=\dimen257
LaTeX Info: Redefining \textmicrotypecontext on input line 2013.
\MT@listname@count=\count302
 (c:/texlive/2024/texmf-dist/tex/latex/microtype/microtype-pdftex.def
File: microtype-pdftex.def 2024/03/29 v3.1b Definitions specific to pdftex (RS)
LaTeX Info: Redefining \lsstyle on input line 902.
LaTeX Info: Redefining \lslig on input line 902.
\MT@outer@space=\skip71
)
Package microtype Info: Loading configuration file microtype.cfg.
 (c:/texlive/2024/texmf-dist/tex/latex/microtype/microtype.cfg
File: microtype.cfg 2024/03/29 v3.1b microtype main configuration file (RS)
)) (c:/texlive/2024/texmf-dist/tex/latex/float/float.sty
Package: float 2001/11/08 v1.3d Float enhancements (AL)
\c@float@type=\count303
\float@exts=\toks28
\float@box=\box58
\@float@everytoks=\toks29
\@floatcapt=\box59
) (c:/texlive/2024/texmf-dist/tex/latex/l3backend/l3backend-pdftex.def
File: l3backend-pdftex.def 2024-05-08 L3 backend support: PDF output (pdfTeX)
\l__color_backend_stack_int=\count304
\l__pdf_internal_box=\box60
) (./Extended_Abstract.aux

LaTeX Warning: Label `section:simulation' multiply defined.


LaTeX Warning: Label `section:simulation@cref' multiply defined.

)
\openout1 = `Extended_Abstract.aux'.

LaTeX Font Info:    Checking defaults for OML/cmm/m/it on input line 30.
LaTeX Font Info:    ... okay on input line 30.
LaTeX Font Info:    Checking defaults for OMS/cmsy/m/n on input line 30.
LaTeX Font Info:    ... okay on input line 30.
LaTeX Font Info:    Checking defaults for OT1/cmr/m/n on input line 30.
LaTeX Font Info:    ... okay on input line 30.
LaTeX Font Info:    Checking defaults for T1/cmr/m/n on input line 30.
LaTeX Font Info:    ... okay on input line 30.
LaTeX Font Info:    Checking defaults for TS1/cmr/m/n on input line 30.
LaTeX Font Info:    ... okay on input line 30.
LaTeX Font Info:    Checking defaults for OMX/cmex/m/n on input line 30.
LaTeX Font Info:    ... okay on input line 30.
LaTeX Font Info:    Checking defaults for U/cmr/m/n on input line 30.
LaTeX Font Info:    ... okay on input line 30.

-- Lines per column: 61 (exact).
(c:/texlive/2024/texmf-dist/tex/context/base/mkii/supp-pdf.mkii
[Loading MPS to PDF converter (version 2006.09.02).]
\scratchcounter=\count305
\scratchdimen=\dimen258
\scratchbox=\box61
\nofMPsegments=\count306
\nofMParguments=\count307
\everyMPshowfont=\toks30
\MPscratchCnt=\count308
\MPscratchDim=\dimen259
\MPnumerator=\count309
\makeMPintoPDFobject=\count310
\everyMPtoPDFconversion=\toks31
) (c:/texlive/2024/texmf-dist/tex/latex/epstopdf-pkg/epstopdf-base.sty
Package: epstopdf-base 2020-01-24 v2.11 Base part for package epstopdf
Package epstopdf-base Info: Redefining graphics rule for `.eps' on input line 485.
 (c:/texlive/2024/texmf-dist/tex/latex/latexconfig/epstopdf-sys.cfg
File: epstopdf-sys.cfg 2010/07/13 v1.3 Configuration of (r)epstopdf for TeX Live
))
Package caption Info: Begin \AtBeginDocument code.
Package caption Info: float package is loaded.
Package caption Info: End \AtBeginDocument code.
LaTeX Info: Redefining \microtypecontext on input line 30.
Package microtype Info: Applying patch `item' on input line 30.
Package microtype Info: Applying patch `toc' on input line 30.
Package microtype Info: Applying patch `eqnum' on input line 30.
Package microtype Info: Applying patch `footnote' on input line 30.
Package microtype Info: Applying patch `verbatim' on input line 30.
Package microtype Info: Generating PDF output.
Package microtype Info: Character protrusion enabled (level 2).
Package microtype Info: Using default protrusion set `alltext'.
Package microtype Info: Automatic font expansion enabled (level 2),
(microtype)             stretch: 20, shrink: 20, step: 1, non-selected.
Package microtype Info: Using default expansion set `alltext-nott'.
LaTeX Info: Redefining \showhyphens on input line 30.
Package microtype Info: No adjustment of tracking.
Package microtype Info: No adjustment of interword spacing.
Package microtype Info: No adjustment of character kerning.
 (c:/texlive/2024/texmf-dist/tex/latex/microtype/mt-ptm.cfg
File: mt-ptm.cfg 2006/04/20 v1.7 microtype config. file: Times (RS)
) [1{c:/texlive/2024/texmf-var/fonts/map/pdftex/updmap/pdftex.map}{c:/texlive/2024/texmf-dist/fonts/enc/dvips/base/8r.enc}


]

pdfTeX warning: pdflatex.exe (file ./Figures/Inverter.pdf): PDF inclusion: found PDF version <1.7>, but at most version <1.5> allowed
<Figures/Inverter.pdf, id=10, 420.61137pt x 226.9278pt>
File: Figures/Inverter.pdf Graphic file (type pdf)
<use Figures/Inverter.pdf>
Package pdftex.def Info: Figures/Inverter.pdf  used on input line 76.
(pdftex.def)             Requested size: 226.79846pt x 122.35912pt.
(c:/texlive/2024/texmf-dist/tex/latex/microtype/mt-cmr.cfg
File: mt-cmr.cfg 2013/05/19 v2.2 microtype config. file: Computer Modern Roman (RS)
)
LaTeX Font Info:    Trying to load font information for U+msa on input line 81.
 (c:/texlive/2024/texmf-dist/tex/latex/amsfonts/umsa.fd
File: umsa.fd 2013/01/14 v3.01 AMS symbols A
) (c:/texlive/2024/texmf-dist/tex/latex/microtype/mt-msa.cfg
File: mt-msa.cfg 2006/02/04 v1.1 microtype config. file: AMS symbols (a) (RS)
)
LaTeX Font Info:    Trying to load font information for U+msb on input line 81.
 (c:/texlive/2024/texmf-dist/tex/latex/amsfonts/umsb.fd
File: umsb.fd 2013/01/14 v3.01 AMS symbols B
) (c:/texlive/2024/texmf-dist/tex/latex/microtype/mt-msb.cfg
File: mt-msb.cfg 2005/06/01 v1.0 microtype config. file: AMS symbols (b) (RS)
)

LaTeX Warning: `h' float specifier changed to `ht'.



pdfTeX warning: pdflatex.exe (file ./Figures/Space_Vector_revised.pdf): PDF inclusion: found PDF version <1.7>, but at most version <1.5> allowed
<Figures/Space_Vector_revised.pdf, id=11, 889.40276pt x 725.8317pt>
File: Figures/Space_Vector_revised.pdf Graphic file (type pdf)
<use Figures/Space_Vector_revised.pdf>
Package pdftex.def Info: Figures/Space_Vector_revised.pdf  used on input line 121.
(pdftex.def)             Requested size: 252.0pt x 205.6459pt.
[2 <./Figures/Inverter.pdf> <./Figures/Space_Vector_revised.pdf>]
Package epstopdf Info: Source file: <Figures/Flux_test.eps>
(epstopdf)                    date: 2024-04-20 17:59:02
(epstopdf)                    size: 30701 bytes
(epstopdf)             Output file: <Figures/Flux_test-eps-converted-to.pdf>
(epstopdf)                    date: 2024-04-20 17:59:08
(epstopdf)                    size: 11822 bytes
(epstopdf)             Command: <repstopdf --outfile=Figures/Flux_test-eps-converted-to.pdf Figures/Flux_test.eps>
(epstopdf)             \includegraphics on input line 273.
Package epstopdf Info: Output file is already uptodate.
<Figures/Flux_test-eps-converted-to.pdf, id=55, 333.245pt x 264.99pt>
File: Figures/Flux_test-eps-converted-to.pdf Graphic file (type pdf)
<use Figures/Flux_test-eps-converted-to.pdf>
Package pdftex.def Info: Figures/Flux_test-eps-converted-to.pdf  used on input line 273.
(pdftex.def)             Requested size: 206.39685pt x 164.12631pt.
 [3]
Package epstopdf Info: Source file: <Figures/Ldq.eps>
(epstopdf)                    date: 2024-04-20 17:33:07
(epstopdf)                    size: 826232 bytes
(epstopdf)             Output file: <Figures/Ldq-eps-converted-to.pdf>
(epstopdf)                    date: 2024-04-20 17:43:42
(epstopdf)                    size: 505572 bytes
(epstopdf)             Command: <repstopdf --outfile=Figures/Ldq-eps-converted-to.pdf Figures/Ldq.eps>
(epstopdf)             \includegraphics on input line 314.
Package epstopdf Info: Output file is already uptodate.
<Figures/Ldq-eps-converted-to.pdf, id=64, 606.265pt x 517.935pt>
File: Figures/Ldq-eps-converted-to.pdf Graphic file (type pdf)
<use Figures/Ldq-eps-converted-to.pdf>
Package pdftex.def Info: Figures/Ldq-eps-converted-to.pdf  used on input line 314.
(pdftex.def)             Requested size: 113.39923pt x 96.68637pt.
Package epstopdf Info: Source file: <Figures/Ldq.eps>
(epstopdf)                    date: 2024-04-20 17:33:07
(epstopdf)                    size: 826232 bytes
(epstopdf)             Output file: <Figures/Ldq-eps-converted-to.pdf>
(epstopdf)                    date: 2024-04-20 17:43:42
(epstopdf)                    size: 505572 bytes
(epstopdf)             Command: <repstopdf --outfile=Figures/Ldq-eps-converted-to.pdf Figures/Ldq.eps>
(epstopdf)             \includegraphics on input line 315.
Package epstopdf Info: Output file is already uptodate.
File: Figures/Ldq-eps-converted-to.pdf Graphic file (type pdf)
<use Figures/Ldq-eps-converted-to.pdf>
Package pdftex.def Info: Figures/Ldq-eps-converted-to.pdf  used on input line 315.
(pdftex.def)             Requested size: 113.39923pt x 96.68637pt.
Package epstopdf Info: Source file: <Figures/Ldq.eps>
(epstopdf)                    date: 2024-04-20 17:33:07
(epstopdf)                    size: 826232 bytes
(epstopdf)             Output file: <Figures/Ldq-eps-converted-to.pdf>
(epstopdf)                    date: 2024-04-20 17:43:42
(epstopdf)                    size: 505572 bytes
(epstopdf)             Command: <repstopdf --outfile=Figures/Ldq-eps-converted-to.pdf Figures/Ldq.eps>
(epstopdf)             \includegraphics on input line 323.
Package epstopdf Info: Output file is already uptodate.
File: Figures/Ldq-eps-converted-to.pdf Graphic file (type pdf)
<use Figures/Ldq-eps-converted-to.pdf>
Package pdftex.def Info: Figures/Ldq-eps-converted-to.pdf  used on input line 323.
(pdftex.def)             Requested size: 113.39923pt x 90.02083pt.
Package epstopdf Info: Source file: <Figures/Ldq.eps>
(epstopdf)                    date: 2024-04-20 17:33:07
(epstopdf)                    size: 826232 bytes
(epstopdf)             Output file: <Figures/Ldq-eps-converted-to.pdf>
(epstopdf)                    date: 2024-04-20 17:43:42
(epstopdf)                    size: 505572 bytes
(epstopdf)             Command: <repstopdf --outfile=Figures/Ldq-eps-converted-to.pdf Figures/Ldq.eps>
(epstopdf)             \includegraphics on input line 324.
Package epstopdf Info: Output file is already uptodate.
File: Figures/Ldq-eps-converted-to.pdf Graphic file (type pdf)
<use Figures/Ldq-eps-converted-to.pdf>
Package pdftex.def Info: Figures/Ldq-eps-converted-to.pdf  used on input line 324.
(pdftex.def)             Requested size: 113.39923pt x 90.02083pt.
Package epstopdf Info: Source file: <Figures/Motor_map@532V.eps>
(epstopdf)                    date: 2024-04-23 19:52:29
(epstopdf)                    size: 287480 bytes
(epstopdf)             Output file: <Figures/Motor_map@532V-eps-converted-to.pdf>
(epstopdf)                    date: 2024-04-23 19:53:08
(epstopdf)                    size: 94638 bytes
(epstopdf)             Command: <repstopdf --outfile=Figures/Motor_map@532V-eps-converted-to.pdf Figures/Motor_map@532V.eps>
(epstopdf)             \includegraphics on input line 350.
Package epstopdf Info: Output file is already uptodate.
<Figures/Motor_map@532V-eps-converted-to.pdf, id=69, 340.27126pt x 399.4925pt>
File: Figures/Motor_map@532V-eps-converted-to.pdf Graphic file (type pdf)
<use Figures/Motor_map@532V-eps-converted-to.pdf>
Package pdftex.def Info: Figures/Motor_map@532V-eps-converted-to.pdf  used on input line 350.
(pdftex.def)             Requested size: 201.60077pt x 236.68604pt.
 [4 <./Figures/Flux_test-eps-converted-to.pdf> <./Figures/Ldq-eps-converted-to.pdf>]
Package epstopdf Info: Source file: <Figures/long_horizon.eps>
(epstopdf)                    date: 2024-05-29 15:39:12
(epstopdf)                    size: 69973 bytes
(epstopdf)             Output file: <Figures/long_horizon-eps-converted-to.pdf>
(epstopdf)                    date: 2024-05-29 15:47:33
(epstopdf)                    size: 28011 bytes
(epstopdf)             Command: <repstopdf --outfile=Figures/long_horizon-eps-converted-to.pdf Figures/long_horizon.eps>
(epstopdf)             \includegraphics on input line 437.
Package epstopdf Info: Output file is already uptodate.
<Figures/long_horizon-eps-converted-to.pdf, id=99, 421.575pt x 316.18124pt>
File: Figures/long_horizon-eps-converted-to.pdf Graphic file (type pdf)
<use Figures/long_horizon-eps-converted-to.pdf>
Package pdftex.def Info: Figures/long_horizon-eps-converted-to.pdf  used on input line 437.
(pdftex.def)             Requested size: 232.19843pt x 174.1511pt.
Package epstopdf Info: Source file: <Figures/short_horizon.eps>
(epstopdf)                    date: 2024-05-29 16:07:57
(epstopdf)                    size: 69275 bytes
(epstopdf)             Output file: <Figures/short_horizon-eps-converted-to.pdf>
(epstopdf)                    date: 2024-05-29 16:08:02
(epstopdf)                    size: 27536 bytes
(epstopdf)             Command: <repstopdf --outfile=Figures/short_horizon-eps-converted-to.pdf Figures/short_horizon.eps>
(epstopdf)             \includegraphics on input line 443.
Package epstopdf Info: Output file is already uptodate.
<Figures/short_horizon-eps-converted-to.pdf, id=100, 421.575pt x 316.18124pt>
File: Figures/short_horizon-eps-converted-to.pdf Graphic file (type pdf)
<use Figures/short_horizon-eps-converted-to.pdf>
Package pdftex.def Info: Figures/short_horizon-eps-converted-to.pdf  used on input line 443.
(pdftex.def)             Requested size: 232.19843pt x 174.1511pt.
 [5 <./Figures/Motor_map@532V-eps-converted-to.pdf>]
<Figures/motor_and_inverter_simulink1.pdf, id=112, 794.97pt x 614.295pt>
File: Figures/motor_and_inverter_simulink1.pdf Graphic file (type pdf)
<use Figures/motor_and_inverter_simulink1.pdf>
Package pdftex.def Info: Figures/motor_and_inverter_simulink1.pdf  used on input line 464.
(pdftex.def)             Requested size: 412.80157pt x 176.28546pt.
Package epstopdf Info: Source file: <Figures/Step_@12000RPM.eps>
(epstopdf)                    date: 2024-05-20 13:31:25
(epstopdf)                    size: 1016228 bytes
(epstopdf)             Output file: <Figures/Step_@12000RPM-eps-converted-to.pdf>
(epstopdf)                    date: 2024-05-20 13:31:30
(epstopdf)                    size: 864178 bytes
(epstopdf)             Command: <repstopdf --outfile=Figures/Step_@12000RPM-eps-converted-to.pdf Figures/Step_@12000RPM.eps>
(epstopdf)             \includegraphics on input line 474.
Package epstopdf Info: Output file is already uptodate.
<Figures/Step_@12000RPM-eps-converted-to.pdf, id=114, 569.12625pt x 284.06125pt>
File: Figures/Step_@12000RPM-eps-converted-to.pdf Graphic file (type pdf)
<use Figures/Step_@12000RPM-eps-converted-to.pdf>
Package pdftex.def Info: Figures/Step_@12000RPM-eps-converted-to.pdf  used on input line 474.
(pdftex.def)             Requested size: 412.80157pt x 92.53436pt.
Package epstopdf Info: Source file: <Figures/MonteCarlo.eps>
(epstopdf)                    date: 2024-04-20 16:58:21
(epstopdf)                    size: 627861 bytes
(epstopdf)             Output file: <Figures/MonteCarlo-eps-converted-to.pdf>
(epstopdf)                    date: 2024-04-20 16:58:49
(epstopdf)                    size: 106944 bytes
(epstopdf)             Command: <repstopdf --outfile=Figures/MonteCarlo-eps-converted-to.pdf Figures/MonteCarlo.eps>
(epstopdf)             \includegraphics on input line 566.
Package epstopdf Info: Output file is already uptodate.
<Figures/MonteCarlo-eps-converted-to.pdf, id=116, 683.55376pt x 342.27875pt>
File: Figures/MonteCarlo-eps-converted-to.pdf Graphic file (type pdf)
<use Figures/MonteCarlo-eps-converted-to.pdf>
Package pdftex.def Info: Figures/MonteCarlo-eps-converted-to.pdf  used on input line 566.
(pdftex.def)             Requested size: 412.80157pt x 206.70584pt.
 [6 <./Figures/long_horizon-eps-converted-to.pdf> <./Figures/short_horizon-eps-converted-to.pdf>]
Package epstopdf Info: Source file: <Figures/acc_empc.eps>
(epstopdf)                    date: 2024-04-21 21:27:13
(epstopdf)                    size: 238058 bytes
(epstopdf)             Output file: <Figures/acc_empc-eps-converted-to.pdf>
(epstopdf)                    date: 2024-04-21 21:27:20
(epstopdf)                    size: 38647 bytes
(epstopdf)             Command: <repstopdf --outfile=Figures/acc_empc-eps-converted-to.pdf Figures/acc_empc.eps>
(epstopdf)             \includegraphics on input line 587.
Package epstopdf Info: Output file is already uptodate.
<Figures/acc_empc-eps-converted-to.pdf, id=130, 455.7025pt x 227.85126pt>
File: Figures/acc_empc-eps-converted-to.pdf Graphic file (type pdf)
<use Figures/acc_empc-eps-converted-to.pdf>
Package pdftex.def Info: Figures/acc_empc-eps-converted-to.pdf  used on input line 587.
(pdftex.def)             Requested size: 206.39685pt x 122.74231pt.
Package epstopdf Info: Source file: <Figures/acc_foc.eps>
(epstopdf)                    date: 2024-04-21 21:27:14
(epstopdf)                    size: 102876 bytes
(epstopdf)             Output file: <Figures/acc_foc-eps-converted-to.pdf>
(epstopdf)                    date: 2024-04-21 21:27:22
(epstopdf)                    size: 35265 bytes
(epstopdf)             Command: <repstopdf --outfile=Figures/acc_foc-eps-converted-to.pdf Figures/acc_foc.eps>
(epstopdf)             \includegraphics on input line 588.
Package epstopdf Info: Output file is already uptodate.
<Figures/acc_foc-eps-converted-to.pdf, id=132, 455.7025pt x 227.85126pt>
File: Figures/acc_foc-eps-converted-to.pdf Graphic file (type pdf)
<use Figures/acc_foc-eps-converted-to.pdf>
Package pdftex.def Info: Figures/acc_foc-eps-converted-to.pdf  used on input line 588.
(pdftex.def)             Requested size: 206.39685pt x 122.74231pt.
Package epstopdf Info: Source file: <Figures/acc_rpm.eps>
(epstopdf)                    date: 2024-04-21 21:27:17
(epstopdf)                    size: 126277 bytes
(epstopdf)             Output file: <Figures/acc_rpm-eps-converted-to.pdf>
(epstopdf)                    date: 2024-04-21 21:27:24
(epstopdf)                    size: 33299 bytes
(epstopdf)             Command: <repstopdf --outfile=Figures/acc_rpm-eps-converted-to.pdf Figures/acc_rpm.eps>
(epstopdf)             \includegraphics on input line 591.
Package epstopdf Info: Output file is already uptodate.
<Figures/acc_rpm-eps-converted-to.pdf, id=134, 400.49625pt x 211.79124pt>
File: Figures/acc_rpm-eps-converted-to.pdf Graphic file (type pdf)
<use Figures/acc_rpm-eps-converted-to.pdf>
Package pdftex.def Info: Figures/acc_rpm-eps-converted-to.pdf  used on input line 591.
(pdftex.def)             Requested size: 206.39685pt x 109.14964pt.
Package epstopdf Info: Source file: <Figures/acc_dist.eps>
(epstopdf)                    date: 2024-04-21 21:27:22
(epstopdf)                    size: 128415 bytes
(epstopdf)             Output file: <Figures/acc_dist-eps-converted-to.pdf>
(epstopdf)                    date: 2024-04-21 21:27:26
(epstopdf)                    size: 34132 bytes
(epstopdf)             Command: <repstopdf --outfile=Figures/acc_dist-eps-converted-to.pdf Figures/acc_dist.eps>
(epstopdf)             \includegraphics on input line 592.
Package epstopdf Info: Output file is already uptodate.
<Figures/acc_dist-eps-converted-to.pdf, id=135, 383.4325pt x 211.79124pt>
File: Figures/acc_dist-eps-converted-to.pdf Graphic file (type pdf)
<use Figures/acc_dist-eps-converted-to.pdf>
Package pdftex.def Info: Figures/acc_dist-eps-converted-to.pdf  used on input line 592.
(pdftex.def)             Requested size: 198.65717pt x 109.73135pt.
Package epstopdf Info: Source file: <Figures/constantTq.eps>
(epstopdf)                    date: 2024-04-21 22:42:03
(epstopdf)                    size: 2806078 bytes
(epstopdf)             Output file: <Figures/constantTq-eps-converted-to.pdf>
(epstopdf)                    date: 2024-04-21 22:42:10
(epstopdf)                    size: 233735 bytes
(epstopdf)             Command: <repstopdf --outfile=Figures/constantTq-eps-converted-to.pdf Figures/constantTq.eps>
(epstopdf)             \includegraphics on input line 608.
Package epstopdf Info: Output file is already uptodate.
<Figures/constantTq-eps-converted-to.pdf, id=136, 744.7825pt x 379.4175pt>
File: Figures/constantTq-eps-converted-to.pdf Graphic file (type pdf)
<use Figures/constantTq-eps-converted-to.pdf>
Package pdftex.def Info: Figures/constantTq-eps-converted-to.pdf  used on input line 608.
(pdftex.def)             Requested size: 252.0pt x 128.37497pt.
 [7 <./Figures/motor_and_inverter_simulink1.pdf> <./Figures/Step_@12000RPM-eps-converted-to.pdf>]
Package epstopdf Info: Source file: <Figures/tq_step_curr.eps>
(epstopdf)                    date: 2024-04-23 22:13:15
(epstopdf)                    size: 206999 bytes
(epstopdf)             Output file: <Figures/tq_step_curr-eps-converted-to.pdf>
(epstopdf)                    date: 2024-04-23 22:13:21
(epstopdf)                    size: 74917 bytes
(epstopdf)             Command: <repstopdf --outfile=Figures/tq_step_curr-eps-converted-to.pdf Figures/tq_step_curr.eps>
(epstopdf)             \includegraphics on input line 629.
Package epstopdf Info: Output file is already uptodate.
<Figures/tq_step_curr-eps-converted-to.pdf, id=237, 225.84375pt x 223.83624pt>
File: Figures/tq_step_curr-eps-converted-to.pdf Graphic file (type pdf)
<use Figures/tq_step_curr-eps-converted-to.pdf>
Package pdftex.def Info: Figures/tq_step_curr-eps-converted-to.pdf  used on input line 629.
(pdftex.def)             Requested size: 117.17908pt x 116.13934pt.
Package epstopdf Info: Source file: <Figures/tq_step_osc-01.eps>
(epstopdf)                    date: 2024-04-20 16:23:26
(epstopdf)                    size: 1611782 bytes
(epstopdf)             Output file: <Figures/tq_step_osc-01-eps-converted-to.pdf>
(epstopdf)                    date: 2024-04-20 16:26:22
(epstopdf)                    size: 71461 bytes
(epstopdf)             Command: <repstopdf --outfile=Figures/tq_step_osc-01-eps-converted-to.pdf Figures/tq_step_osc-01.eps>
(epstopdf)             \includegraphics on input line 630.
Package epstopdf Info: Output file is already uptodate.
<Figures/tq_step_osc-01-eps-converted-to.pdf, id=238, 490.83376pt x 490.83376pt>
File: Figures/tq_step_osc-01-eps-converted-to.pdf Graphic file (type pdf)
<use Figures/tq_step_osc-01-eps-converted-to.pdf>
Package pdftex.def Info: Figures/tq_step_osc-01-eps-converted-to.pdf  used on input line 630.
(pdftex.def)             Requested size: 129.77985pt x 129.77823pt.

Underfull \vbox (badness 10000) has occurred while \output is active []

 [8 <./Figures/MonteCarlo-eps-converted-to.pdf> <./Figures/acc_rpm-eps-converted-to.pdf> <./Figures/acc_dist-eps-converted-to.pdf> <./Figures/acc_empc-eps-converted-to.pdf> <./Figures/acc_foc-eps-converted-to.pdf>]
Package epstopdf Info: Source file: <Figures/Tq_step.eps>
(epstopdf)                    date: 2024-04-23 22:13:16
(epstopdf)                    size: 104115 bytes
(epstopdf)             Output file: <Figures/Tq_step-eps-converted-to.pdf>
(epstopdf)                    date: 2024-04-23 22:13:23
(epstopdf)                    size: 54500 bytes
(epstopdf)             Command: <repstopdf --outfile=Figures/Tq_step-eps-converted-to.pdf Figures/Tq_step.eps>
(epstopdf)             \includegraphics on input line 642.
Package epstopdf Info: Output file is already uptodate.
<Figures/Tq_step-eps-converted-to.pdf, id=276, 319.1925pt x 223.83624pt>
File: Figures/Tq_step-eps-converted-to.pdf Graphic file (type pdf)
<use Figures/Tq_step-eps-converted-to.pdf>
Package pdftex.def Info: Figures/Tq_step-eps-converted-to.pdf  used on input line 642.
(pdftex.def)             Requested size: 252.0pt x 176.71597pt.
Package epstopdf Info: Source file: <Figures/Car_Tq_step.eps>
(epstopdf)                    date: 2024-05-20 13:48:25
(epstopdf)                    size: 39844 bytes
(epstopdf)             Output file: <Figures/Car_Tq_step-eps-converted-to.pdf>
(epstopdf)                    date: 2024-05-20 13:48:56
(epstopdf)                    size: 14536 bytes
(epstopdf)             Command: <repstopdf --outfile=Figures/Car_Tq_step-eps-converted-to.pdf Figures/Car_Tq_step.eps>
(epstopdf)             \includegraphics on input line 651.
Package epstopdf Info: Output file is already uptodate.
<Figures/Car_Tq_step-eps-converted-to.pdf, id=277, 455.7025pt x 227.85126pt>
File: Figures/Car_Tq_step-eps-converted-to.pdf Graphic file (type pdf)
<use Figures/Car_Tq_step-eps-converted-to.pdf>
Package pdftex.def Info: Figures/Car_Tq_step-eps-converted-to.pdf  used on input line 651.
(pdftex.def)             Requested size: 252.0pt x 126.00348pt.
Package epstopdf Info: Source file: <Figures/pedal_profile_curr.eps>
(epstopdf)                    date: 2024-04-23 17:52:51
(epstopdf)                    size: 226896 bytes
(epstopdf)             Output file: <Figures/pedal_profile_curr-eps-converted-to.pdf>
(epstopdf)                    date: 2024-04-23 17:53:01
(epstopdf)                    size: 92487 bytes
(epstopdf)             Command: <repstopdf --outfile=Figures/pedal_profile_curr-eps-converted-to.pdf Figures/pedal_profile_curr.eps>
(epstopdf)             \includegraphics on input line 661.
Package epstopdf Info: Output file is already uptodate.
<Figures/pedal_profile_curr-eps-converted-to.pdf, id=278, 567.11874pt x 158.5925pt>
File: Figures/pedal_profile_curr-eps-converted-to.pdf Graphic file (type pdf)
<use Figures/pedal_profile_curr-eps-converted-to.pdf>
Package pdftex.def Info: Figures/pedal_profile_curr-eps-converted-to.pdf  used on input line 661.
(pdftex.def)             Requested size: 252.0pt x 70.47058pt.
Package epstopdf Info: Source file: <Figures/pedal_profile_rpm.eps>
(epstopdf)                    date: 2024-04-23 17:52:52
(epstopdf)                    size: 112732 bytes
(epstopdf)             Output file: <Figures/pedal_profile_rpm-eps-converted-to.pdf>
(epstopdf)                    date: 2024-04-23 17:53:03
(epstopdf)                    size: 42725 bytes
(epstopdf)             Command: <repstopdf --outfile=Figures/pedal_profile_rpm-eps-converted-to.pdf Figures/pedal_profile_rpm.eps>
(epstopdf)             \includegraphics on input line 663.
Package epstopdf Info: Output file is already uptodate.
<Figures/pedal_profile_rpm-eps-converted-to.pdf, id=279, 574.145pt x 158.5925pt>
File: Figures/pedal_profile_rpm-eps-converted-to.pdf Graphic file (type pdf)
<use Figures/pedal_profile_rpm-eps-converted-to.pdf>
Package pdftex.def Info: Figures/pedal_profile_rpm-eps-converted-to.pdf  used on input line 663.
(pdftex.def)             Requested size: 252.0pt x 69.60666pt.
Package epstopdf Info: Source file: <Figures/pedal_profile_tq.eps>
(epstopdf)                    date: 2024-04-23 17:52:51
(epstopdf)                    size: 196514 bytes
(epstopdf)             Output file: <Figures/pedal_profile_tq-eps-converted-to.pdf>
(epstopdf)                    date: 2024-04-23 17:52:52
(epstopdf)                    size: 75738 bytes
(epstopdf)             Command: <repstopdf --outfile=Figures/pedal_profile_tq-eps-converted-to.pdf Figures/pedal_profile_tq.eps>
(epstopdf)             \includegraphics on input line 665.
Package epstopdf Info: Output file is already uptodate.
<Figures/pedal_profile_tq-eps-converted-to.pdf, id=280, 564.1075pt x 158.5925pt>
File: Figures/pedal_profile_tq-eps-converted-to.pdf Graphic file (type pdf)
<use Figures/pedal_profile_tq-eps-converted-to.pdf>
Package pdftex.def Info: Figures/pedal_profile_tq-eps-converted-to.pdf  used on input line 665.
(pdftex.def)             Requested size: 252.0pt x 70.84808pt.
Package epstopdf Info: Source file: <Figures/pedal_profile_tq_error.eps>
(epstopdf)                    date: 2024-04-23 17:52:52
(epstopdf)                    size: 119228 bytes
(epstopdf)             Output file: <Figures/pedal_profile_tq_error-eps-converted-to.pdf>
(epstopdf)                    date: 2024-04-23 17:52:54
(epstopdf)                    size: 48383 bytes
(epstopdf)             Command: <repstopdf --outfile=Figures/pedal_profile_tq_error-eps-converted-to.pdf Figures/pedal_profile_tq_error.eps>
(epstopdf)             \includegraphics on input line 667.
Package epstopdf Info: Output file is already uptodate.
<Figures/pedal_profile_tq_error-eps-converted-to.pdf, id=281, 562.1pt x 114.4275pt>
File: Figures/pedal_profile_tq_error-eps-converted-to.pdf Graphic file (type pdf)
<use Figures/pedal_profile_tq_error-eps-converted-to.pdf>
Package pdftex.def Info: Figures/pedal_profile_tq_error-eps-converted-to.pdf  used on input line 667.
(pdftex.def)             Requested size: 252.0pt x 51.29984pt.

Underfull \vbox (badness 1270) has occurred while \output is active []

 [9 <./Figures/constantTq-eps-converted-to.pdf> <./Figures/tq_step_curr-eps-converted-to.pdf> <./Figures/tq_step_osc-01-eps-converted-to.pdf> <./Figures/Tq_step-eps-converted-to.pdf> <./Figures/Car_Tq_step-eps-converted-to.pdf>] (./Extended_Abstract.bbl
Underfull \hbox (badness 4048) in paragraph at lines 96--101
\OT1/ptm/m/n/9 (+20) magnetization ef-fects in in-te-rior permanent-magnet syn-
 []

)

** Conference Paper **
Before submitting the final camera ready copy, remember to:

 1. Manually equalize the lengths of two columns on the last page
 of your paper;

 2. Ensure that any PostScript and/or PDF output post-processing
 uses only Type 1 fonts and that every step in the generation
 process uses the appropriate paper size.

[10 <./Figures/pedal_profile_curr-eps-converted-to.pdf> <./Figures/pedal_profile_rpm-eps-converted-to.pdf> <./Figures/pedal_profile_tq-eps-converted-to.pdf> <./Figures/pedal_profile_tq_error-eps-converted-to.pdf>] (./Extended_Abstract.aux)
 ***********
LaTeX2e <2023-11-01> patch level 1
L3 programming layer <2024-05-08>
 ***********


LaTeX Warning: There were multiply-defined labels.

 ) 
Here is how much of TeX's memory you used:
 10993 strings out of 473992
 195981 string characters out of 5745048
 1961907 words of memory out of 5000000
 33097 multiletter control sequences out of 15000+600000
 603529 words of font info for 273 fonts, out of 8000000 for 9000
 1141 hyphenation exceptions out of 8191
 67i,19n,79p,1598b,387s stack positions out of 10000i,1000n,20000p,200000b,200000s
<c:/texlive/2024/texmf-dist/fonts/type1/public/amsfonts/cmextra/cmex8.pfb><c:/texlive/2024/texmf-dist/fonts/type1/public/amsfonts/cmextra/cmex9.pfb><c:/texlive/2024/texmf-dist/fonts/type1/public/amsfonts/cm/cmmi5.pfb><c:/texlive/2024/texmf-dist/fonts/type1/public/amsfonts/cm/cmmi6.pfb><c:/texlive/2024/texmf-dist/fonts/type1/public/amsfonts/cm/cmmi8.pfb><c:/texlive/2024/texmf-dist/fonts/type1/public/amsfonts/cm/cmmi9.pfb><c:/texlive/2024/texmf-dist/fonts/type1/public/amsfonts/cm/cmr5.pfb><c:/texlive/2024/texmf-dist/fonts/type1/public/amsfonts/cm/cmr6.pfb><c:/texlive/2024/texmf-dist/fonts/type1/public/amsfonts/cm/cmr8.pfb><c:/texlive/2024/texmf-dist/fonts/type1/public/amsfonts/cm/cmr9.pfb><c:/texlive/2024/texmf-dist/fonts/type1/public/amsfonts/cm/cmsy6.pfb><c:/texlive/2024/texmf-dist/fonts/type1/public/amsfonts/cm/cmsy8.pfb><c:/texlive/2024/texmf-dist/fonts/type1/public/amsfonts/cm/cmsy9.pfb><c:/texlive/2024/texmf-dist/fonts/type1/public/amsfonts/latxfont/line10.pfb><c:/texlive/2024/texmf-dist/fonts/type1/urw/times/utmb8a.pfb><c:/texlive/2024/texmf-dist/fonts/type1/urw/times/utmbi8a.pfb><c:/texlive/2024/texmf-dist/fonts/type1/urw/times/utmr8a.pfb><c:/texlive/2024/texmf-dist/fonts/type1/urw/times/utmri8a.pfb>
Output written on Extended_Abstract.pdf (10 pages, 2853789 bytes).
PDF statistics:
 429 PDF objects out of 1000 (max. 8388607)
 221 compressed objects within 3 object streams
 0 named destinations out of 1000 (max. 500000)
 34980 words of extra memory for PDF output out of 35830 (max. 10000000)

