\BOOKMARK [1][-]{section*.1}{\376\377\000A\000c\000k\000n\000o\000w\000l\000e\000d\000g\000m\000e\000n\000t\000s}{}% 1
\BOOKMARK [1][-]{section*.2}{\376\377\000R\000e\000s\000u\000m\000o}{}% 2
\BOOKMARK [1][-]{section*.3}{\376\377\000A\000b\000s\000t\000r\000a\000c\000t}{}% 3
\BOOKMARK [1][-]{section*.5}{\376\377\000L\000i\000s\000t\000\040\000o\000f\000\040\000T\000a\000b\000l\000e\000s}{}% 4
\BOOKMARK [1][-]{section*.7}{\376\377\000L\000i\000s\000t\000\040\000o\000f\000\040\000F\000i\000g\000u\000r\000e\000s}{}% 5
\BOOKMARK [1][-]{section*.9}{\376\377\000N\000o\000m\000e\000n\000c\000l\000a\000t\000u\000r\000e}{}% 6
\BOOKMARK [1][-]{section*.11}{\376\377\000G\000l\000o\000s\000s\000a\000r\000y}{}% 7
\BOOKMARK [0][-]{chapter.1}{\376\377\0001\000\040\000I\000n\000t\000r\000o\000d\000u\000c\000t\000i\000o\000n}{}% 8
\BOOKMARK [1][-]{section.1.1}{\376\377\0001\000.\0001\000\040\000M\000o\000t\000i\000v\000a\000t\000i\000o\000n}{chapter.1}% 9
\BOOKMARK [1][-]{section.1.2}{\376\377\0001\000.\0002\000\040\000C\000o\000n\000t\000r\000o\000l\000\040\000M\000e\000t\000h\000o\000d\000s\000\040\000O\000v\000e\000r\000v\000i\000e\000w}{chapter.1}% 10
\BOOKMARK [1][-]{section.1.3}{\376\377\0001\000.\0003\000\040\000T\000h\000e\000s\000i\000s\000\040\000O\000b\000j\000e\000c\000t\000i\000v\000e\000s}{chapter.1}% 11
\BOOKMARK [1][-]{section.1.4}{\376\377\0001\000.\0004\000\040\000T\000h\000e\000s\000i\000s\000\040\000O\000u\000t\000l\000i\000n\000e}{chapter.1}% 12
\BOOKMARK [0][-]{chapter.2}{\376\377\0002\000\040\000T\000h\000e\000o\000r\000e\000t\000i\000c\000a\000l\000\040\000B\000a\000c\000k\000g\000r\000o\000u\000n\000d\000\040\000a\000n\000d\000\040\000P\000M\000S\000M\000\040\000M\000o\000d\000e\000l}{}% 13
\BOOKMARK [1][-]{section.2.1}{\376\377\0002\000.\0001\000\040\000F\000o\000r\000m\000u\000l\000a\000\040\000S\000t\000u\000d\000e\000n\000t}{chapter.2}% 14
\BOOKMARK [1][-]{section.2.2}{\376\377\0002\000.\0002\000\040\000T\000w\000o\000\040\000L\000e\000v\000e\000l\000\040\000V\000o\000l\000t\000a\000g\000e\000\040\000S\000o\000u\000r\000c\000e\000\040\000I\000n\000v\000e\000r\000t\000e\000r}{chapter.2}% 15
\BOOKMARK [2][-]{subsection.2.2.1}{\376\377\0002\000.\0002\000.\0001\000\040\000S\000p\000a\000c\000e\000\040\000V\000e\000c\000t\000o\000r\000\040\000M\000o\000d\000u\000l\000a\000t\000i\000o\000n}{section.2.2}% 16
\BOOKMARK [1][-]{section.2.3}{\376\377\0002\000.\0003\000\040\000P\000M\000S\000M\000\040\000m\000o\000d\000e\000l}{chapter.2}% 17
\BOOKMARK [2][-]{subsection.2.3.1}{\376\377\0002\000.\0003\000.\0001\000\040\000P\000M\000S\000M\000\040\000i\000n\000\040\000A\000B\000C\000\040\000c\000o\000o\000r\000d\000i\000n\000a\000t\000e\000s}{section.2.3}% 18
\BOOKMARK [2][-]{subsection.2.3.2}{\376\377\0002\000.\0003\000.\0002\000\040\000d\000q\0000\000\040\000T\000r\000a\000n\000s\000f\000o\000r\000m\000a\000t\000i\000o\000n}{section.2.3}% 19
\BOOKMARK [2][-]{subsection.2.3.3}{\376\377\0002\000.\0003\000.\0003\000\040\000P\000M\000S\000M\000\040\000i\000n\000\040\000d\000q\0000\000\040\000c\000o\000o\000r\000d\000i\000n\000a\000t\000e\000s}{section.2.3}% 20
\BOOKMARK [2][-]{subsection.2.3.4}{\376\377\0002\000.\0003\000.\0004\000\040\000D\000i\000s\000c\000r\000e\000t\000i\000z\000a\000t\000i\000o\000n\000\040\000o\000f\000\040\000t\000h\000e\000\040\000P\000M\000S\000M\000\040\000m\000o\000d\000e\000l}{section.2.3}% 21
\BOOKMARK [1][-]{section.2.4}{\376\377\0002\000.\0004\000\040\000C\000o\000n\000t\000r\000o\000l\000\040\000M\000e\000t\000h\000o\000d\000s\000\040\000S\000t\000a\000t\000e\000\040\000o\000f\000\040\000t\000h\000e\000\040\000A\000r\000t}{chapter.2}% 22
\BOOKMARK [2][-]{subsection.2.4.1}{\376\377\0002\000.\0004\000.\0001\000\040\000F\000i\000e\000l\000d\000\040\000O\000r\000i\000e\000n\000t\000e\000d\000\040\000C\000o\000n\000t\000r\000o\000l}{section.2.4}% 23
\BOOKMARK [2][-]{subsection.2.4.2}{\376\377\0002\000.\0004\000.\0002\000\040\000D\000i\000r\000e\000c\000t\000\040\000T\000o\000r\000q\000u\000e\000\040\000C\000o\000n\000t\000r\000o\000l}{section.2.4}% 24
\BOOKMARK [2][-]{subsection.2.4.3}{\376\377\0002\000.\0004\000.\0003\000\040\000M\000o\000d\000e\000l\000\040\000P\000r\000e\000d\000i\000c\000t\000i\000v\000e\000\040\000C\000o\000n\000t\000r\000o\000l}{section.2.4}% 25
\BOOKMARK [0][-]{chapter.3}{\376\377\0003\000\040\000M\000a\000c\000h\000i\000n\000e\000\040\000C\000h\000a\000r\000a\000c\000t\000e\000r\000i\000z\000a\000t\000i\000o\000n\000\040\000a\000n\000d\000\040\000C\000o\000n\000t\000r\000o\000l\000\040\000M\000e\000t\000h\000o\000d\000o\000l\000o\000g\000y}{}% 26
\BOOKMARK [1][-]{section.3.1}{\376\377\0003\000.\0001\000\040\000M\000o\000t\000o\000r\000\040\000c\000h\000a\000r\000a\000c\000t\000e\000r\000i\000z\000a\000t\000i\000o\000n}{chapter.3}% 27
\BOOKMARK [2][-]{subsection.3.1.1}{\376\377\0003\000.\0001\000.\0001\000\040\000P\000h\000a\000s\000e\000\040\000r\000e\000s\000i\000s\000t\000a\000n\000c\000e}{section.3.1}% 28
\BOOKMARK [2][-]{subsection.3.1.2}{\376\377\0003\000.\0001\000.\0002\000\040\000F\000l\000u\000x\000\040\000L\000i\000n\000k\000a\000g\000e}{section.3.1}% 29
\BOOKMARK [2][-]{subsection.3.1.3}{\376\377\0003\000.\0001\000.\0003\000\040\000M\000a\000c\000h\000i\000n\000e\000\040\000d\000i\000r\000e\000c\000t\000\040\000a\000n\000d\000\040\000q\000u\000a\000d\000r\000a\000t\000u\000r\000e\000\040\000i\000n\000d\000u\000c\000t\000a\000n\000c\000e\000s}{section.3.1}% 30
\BOOKMARK [3][-]{subsubsection.3.1.3.1}{\376\377\0003\000.\0001\000.\0003\000.\0001\000\040\000M\000e\000t\000h\000o\000d\000\040\0001}{subsection.3.1.3}% 31
\BOOKMARK [3][-]{subsubsection.3.1.3.2}{\376\377\0003\000.\0001\000.\0003\000.\0002\000\040\000M\000e\000t\000h\000o\000d\000\040\0002}{subsection.3.1.3}% 32
\BOOKMARK [1][-]{section.3.2}{\376\377\0003\000.\0002\000\040\000C\000u\000r\000r\000e\000n\000t\000\040\000R\000e\000f\000e\000r\000e\000n\000c\000e\000s}{chapter.3}% 33
\BOOKMARK [2][-]{subsection.3.2.1}{\376\377\0003\000.\0002\000.\0001\000\040\000C\000o\000n\000t\000r\000a\000i\000n\000t\000s\000\040\000w\000i\000t\000h\000\040\000l\000i\000m\000i\000t\000e\000d\000\040\000i\000n\000p\000u\000t\000\040\000v\000o\000l\000t\000a\000g\000e}{section.3.2}% 34
\BOOKMARK [2][-]{subsection.3.2.2}{\376\377\0003\000.\0002\000.\0002\000\040\000I\000n\000d\000u\000c\000t\000a\000n\000c\000e\000\040\000C\000u\000r\000v\000e\000s}{section.3.2}% 35
\BOOKMARK [1][-]{section.3.3}{\376\377\0003\000.\0003\000\040\000L\000o\000a\000d\000\040\000p\000r\000o\000f\000i\000l\000e}{chapter.3}% 36
\BOOKMARK [1][-]{section.3.4}{\376\377\0003\000.\0004\000\040\000C\000o\000n\000t\000r\000o\000l\000\040\000M\000e\000t\000h\000o\000d\000s\000\040\000D\000e\000v\000e\000l\000o\000p\000m\000e\000n\000t}{chapter.3}% 37
\BOOKMARK [2][-]{subsection.3.4.1}{\376\377\0003\000.\0004\000.\0001\000\040\000F\000i\000n\000i\000t\000e\000\040\000S\000e\000t\000\040\000M\000P\000C}{section.3.4}% 38
\BOOKMARK [2][-]{subsection.3.4.2}{\376\377\0003\000.\0004\000.\0002\000\040\000F\000i\000n\000i\000t\000e\000\040\000S\000e\000t\000\040\000w\000i\000t\000h\000\040\000N\000u\000l\000l\000\040\000V\000e\000c\000t\000o\000r\000\040\000M\000P\000C}{section.3.4}% 39
\BOOKMARK [2][-]{subsection.3.4.3}{\376\377\0003\000.\0004\000.\0003\000\040\000N\000o\000n\000-\000L\000i\000n\000e\000a\000r\000\040\000C\000o\000n\000t\000i\000n\000u\000o\000u\000s\000\040\000S\000e\000t\000\040\000M\000P\000C}{section.3.4}% 40
\BOOKMARK [2][-]{subsection.3.4.4}{\376\377\0003\000.\0004\000.\0004\000\040\000R\000U\000S\000H\000\040\000M\000P\000C}{section.3.4}% 41
\BOOKMARK [3][-]{subsubsection.3.4.4.1}{\376\377\0003\000.\0004\000.\0004\000.\0001\000\040\000H\000o\000r\000i\000z\000o\000n\000\040\000E\000x\000t\000e\000s\000i\000o\000n}{subsection.3.4.4}% 42
\BOOKMARK [3][-]{subsubsection.3.4.4.2}{\376\377\0003\000.\0004\000.\0004\000.\0002\000\040\000S\000p\000e\000e\000d\000\040\000C\000o\000n\000t\000r\000o\000l}{subsection.3.4.4}% 43
\BOOKMARK [0][-]{chapter.4}{\376\377\0004\000\040\000S\000i\000m\000u\000l\000a\000t\000i\000o\000n\000\040\000a\000n\000d\000\040\000E\000x\000p\000e\000r\000i\000m\000e\000n\000t\000a\000l\000\040\000R\000e\000s\000u\000l\000t\000s\000\040}{}% 44
\BOOKMARK [1][-]{section.4.1}{\376\377\0004\000.\0001\000\040\000S\000i\000m\000u\000l\000a\000t\000i\000o\000n}{chapter.4}% 45
\BOOKMARK [2][-]{subsection.4.1.1}{\376\377\0004\000.\0001\000.\0001\000\040\000B\000a\000s\000e\000l\000i\000n\000e\000\040\000S\000t\000e\000p}{section.4.1}% 46
\BOOKMARK [2][-]{subsection.4.1.2}{\376\377\0004\000.\0001\000.\0002\000\040\000C\000u\000r\000r\000e\000n\000t\000\040\000T\000H\000D}{section.4.1}% 47
\BOOKMARK [2][-]{subsection.4.1.3}{\376\377\0004\000.\0001\000.\0003\000\040\000R\000o\000b\000u\000s\000t\000n\000e\000s\000s}{section.4.1}% 48
\BOOKMARK [2][-]{subsection.4.1.4}{\376\377\0004\000.\0001\000.\0004\000\040\000A\000c\000c\000e\000l\000e\000r\000a\000t\000i\000o\000n\000\040\000E\000v\000e\000n\000t}{section.4.1}% 49
\BOOKMARK [1][-]{section.4.2}{\376\377\0004\000.\0002\000\040\000E\000x\000p\000e\000r\000i\000m\000e\000n\000t\000a\000l\000\040\000R\000e\000s\000u\000l\000t\000s}{chapter.4}% 50
\BOOKMARK [0][-]{chapter.5}{\376\377\0005\000\040\000C\000o\000n\000c\000l\000u\000s\000i\000o\000n\000s}{}% 51
\BOOKMARK [1][-]{section.5.1}{\376\377\0005\000.\0001\000\040\000A\000c\000h\000i\000e\000v\000e\000m\000e\000n\000t\000s}{chapter.5}% 52
\BOOKMARK [1][-]{section.5.2}{\376\377\0005\000.\0002\000\040\000F\000u\000t\000u\000r\000e\000\040\000W\000o\000r\000k}{chapter.5}% 53
\BOOKMARK [0][-]{section*.62}{\376\377\000B\000i\000b\000l\000i\000o\000g\000r\000a\000p\000h\000y}{}% 54
\BOOKMARK [0][-]{appendix.A}{\376\377\000A\000\040\000A\000m\000p\000l\000i\000t\000u\000d\000e\000\040\000i\000n\000v\000a\000r\000i\000a\000n\000t\000\040\000d\000q\0000\000\040\000P\000M\000S\000M\000\040\000m\000o\000d\000e\000l}{}% 55
\BOOKMARK [0][-]{appendix.B}{\376\377\000B\000\040\000T\000e\000c\000h\000n\000i\000c\000a\000l\000\040\000D\000a\000t\000a\000s\000h\000e\000e\000t\000s}{}% 56
\BOOKMARK [1][-]{section.B.1}{\376\377\000B\000.\0001\000\040\000A\000M\000K\000\040\000M\000o\000t\000o\000r\000\040\000D\000a\000t\000a\000s\000h\000e\000e\000t}{appendix.B}% 57
\BOOKMARK [1][-]{section.B.2}{\376\377\000B\000.\0002\000\040\000A\000M\000K\000\040\000I\000n\000v\000e\000r\000t\000e\000r\000\040\000D\000a\000t\000a\000s\000h\000e\000e\000t}{appendix.B}% 58
\BOOKMARK [0][-]{appendix.C}{\376\377\000C\000\040\000C\000u\000r\000r\000e\000n\000t\000\040\000R\000e\000f\000e\000r\000e\000n\000c\000e\000\040\000u\000s\000i\000n\000g\000\040\000c\000h\000a\000r\000a\000c\000t\000e\000r\000i\000z\000e\000d\000\040\000i\000n\000d\000u\000c\000t\000a\000n\000c\000e\000s}{}% 59
\BOOKMARK [0][-]{appendix.D}{\376\377\000D\000\040\000I\000n\000v\000e\000r\000t\000e\000r\000\040\000D\000e\000s\000i\000g\000n}{}% 60
\BOOKMARK [1][-]{section.D.1}{\376\377\000D\000.\0001\000\040\000E\000f\000f\000i\000c\000i\000e\000n\000c\000y\000\040\000E\000q\000u\000a\000t\000i\000o\000n\000\040\000F\000o\000r\000m\000u\000l\000a\000t\000i\000o\000n}{appendix.D}% 61
\BOOKMARK [2][-]{subsection.D.1.1}{\376\377\000D\000.\0001\000.\0001\000\040\000M\000o\000t\000o\000r\000\040\000a\000n\000d\000\040\000C\000o\000n\000t\000r\000o\000l\000l\000e\000r\000\040\000p\000a\000r\000a\000m\000e\000t\000e\000r\000s}{section.D.1}% 62
\BOOKMARK [1][-]{section.D.2}{\376\377\000D\000.\0002\000\040\000O\000p\000e\000r\000a\000t\000i\000o\000n\000\040\000P\000o\000i\000n\000t\000s}{appendix.D}% 63
\BOOKMARK [1][-]{section.D.3}{\376\377\000D\000.\0003\000\040\000D\000i\000o\000d\000e\000\040\000S\000e\000l\000e\000c\000t\000i\000o\000n}{appendix.D}% 64
\BOOKMARK [1][-]{section.D.4}{\376\377\000D\000.\0004\000\040\000M\000O\000S\000F\000E\000T\000\040\000M\000o\000d\000u\000l\000e\000\040\000S\000e\000l\000e\000c\000t\000i\000o\000n}{appendix.D}% 65
\BOOKMARK [1][-]{section.D.5}{\376\377\000D\000.\0005\000\040\000G\000a\000t\000e\000\040\000D\000r\000i\000v\000e\000r\000\040\000D\000e\000s\000i\000g\000n}{appendix.D}% 66
\BOOKMARK [1][-]{section.D.6}{\376\377\000D\000.\0006\000\040\000C\000u\000r\000r\000e\000n\000t\000\040\000a\000n\000d\000\040\000V\000o\000l\000t\000a\000g\000e\000\040\000M\000e\000a\000s\000u\000r\000e\000m\000e\000n\000t}{appendix.D}% 67
\BOOKMARK [1][-]{section.D.7}{\376\377\000D\000.\0007\000\040\000P\000C\000B\000\040\000D\000e\000s\000i\000g\000n}{appendix.D}% 68
\BOOKMARK [1][-]{section.D.8}{\376\377\000D\000.\0008\000\040\000I\000n\000v\000e\000r\000t\000e\000r\000\040\000S\000c\000h\000e\000m\000a\000t\000i\000c\000s\000\040\000a\000n\000d\000\040\000L\000a\000y\000e\000r\000s}{appendix.D}% 69
\BOOKMARK [2][-]{subsection.D.8.1}{\376\377\000D\000.\0008\000.\0001\000\040\000H\000a\000l\000f\000\040\000B\000r\000i\000d\000g\000e\000\040\000B\000o\000a\000r\000d\000\040\000S\000c\000h\000e\000m\000a\000t\000i\000c}{section.D.8}% 70
\BOOKMARK [2][-]{subsection.D.8.2}{\376\377\000D\000.\0008\000.\0002\000\040\000H\000a\000l\000f\000\040\000B\000r\000i\000d\000g\000e\000\040\000B\000o\000a\000r\000d\000\040\000L\000a\000y\000e\000r\000s}{section.D.8}% 71
\BOOKMARK [2][-]{subsection.D.8.3}{\376\377\000D\000.\0008\000.\0003\000\040\000G\000a\000t\000e\000\040\000D\000r\000i\000v\000e\000r\000\040\000B\000o\000a\000r\000d\000\040\000S\000c\000h\000e\000m\000a\000t\000i\000c}{section.D.8}% 72
\BOOKMARK [2][-]{subsection.D.8.4}{\376\377\000D\000.\0008\000.\0004\000\040\000G\000a\000t\000e\000\040\000D\000r\000i\000v\000e\000r\000\040\000B\000o\000a\000r\000d\000\040\000L\000a\000y\000e\000r\000s}{section.D.8}% 73
\BOOKMARK [2][-]{subsection.D.8.5}{\376\377\000D\000.\0008\000.\0005\000\040\000C\000u\000r\000r\000e\000n\000t\000\040\000S\000e\000n\000s\000o\000r\000\040\000B\000o\000a\000r\000d\000\040\000S\000c\000h\000e\000m\000a\000t\000i\000c}{section.D.8}% 74
\BOOKMARK [2][-]{subsection.D.8.6}{\376\377\000D\000.\0008\000.\0006\000\040\000C\000u\000r\000r\000e\000n\000t\000\040\000S\000e\000n\000s\000o\000r\000\040\000B\000o\000a\000r\000d\000\040\000L\000a\000y\000e\000r\000s}{section.D.8}% 75
\BOOKMARK [3][-]{subsubsection.D.8.6.1}{\376\377\000D\000.\0008\000.\0006\000.\0001\000\040\000T\000o\000p\000\040\000L\000a\000y\000e\000r}{subsection.D.8.6}% 76
\BOOKMARK [3][-]{subsubsection.D.8.6.2}{\376\377\000D\000.\0008\000.\0006\000.\0002\000\040\000B\000o\000t\000t\000o\000m\000\040\000L\000a\000y\000e\000r}{subsection.D.8.6}% 77
